2023-02-22 11:23:34.064  INFO 83182 --- [restartedMain] com.test.exam.TestApplication            : Starting TestApplication using Java 11.0.15 on Cungs-MacBook-Pro.local with PID 83182 (/Users/tranhoangcung/DEV/test_exam/test/build/classes/java/main started by tranhoangcung in /Users/tranhoangcung/DEV/test_exam/test)
2023-02-22 11:23:34.067  INFO 83182 --- [restartedMain] com.test.exam.TestApplication            : No active profile set, falling back to 1 default profile: "default"
2023-02-22 11:23:34.129  INFO 83182 --- [restartedMain] .e.DevToolsPropertyDefaultsPostProcessor : Devtools property defaults active! Set 'spring.devtools.add-properties' to 'false' to disable
2023-02-22 11:23:34.130  INFO 83182 --- [restartedMain] .e.DevToolsPropertyDefaultsPostProcessor : For additional web related logging consider setting the 'logging.level.web' property to 'DEBUG'
2023-02-22 11:23:35.151  INFO 83182 --- [restartedMain] .s.d.r.c.RepositoryConfigurationDelegate : Bootstrapping Spring Data JPA repositories in DEFAULT mode.
2023-02-22 11:23:35.199  INFO 83182 --- [restartedMain] .s.d.r.c.RepositoryConfigurationDelegate : Finished Spring Data repository scanning in 42 ms. Found 1 JPA repository interfaces.
2023-02-22 11:23:35.921  INFO 83182 --- [restartedMain] o.s.b.w.embedded.tomcat.TomcatWebServer  : Tomcat initialized with port(s): 8080 (http)
2023-02-22 11:23:35.929  INFO 83182 --- [restartedMain] o.apache.catalina.core.StandardService   : Starting service [Tomcat]
2023-02-22 11:23:35.930  INFO 83182 --- [restartedMain] org.apache.catalina.core.StandardEngine  : Starting Servlet engine: [Apache Tomcat/9.0.71]
2023-02-22 11:23:35.980  INFO 83182 --- [restartedMain] o.a.c.c.C.[Tomcat].[localhost].[/]       : Initializing Spring embedded WebApplicationContext
2023-02-22 11:23:35.981  INFO 83182 --- [restartedMain] w.s.c.ServletWebServerApplicationContext : Root WebApplicationContext: initialization completed in 1851 ms
2023-02-22 11:23:36.012  INFO 83182 --- [restartedMain] com.zaxxer.hikari.HikariDataSource       : HikariPool-1 - Starting...
2023-02-22 11:23:36.083  INFO 83182 --- [restartedMain] com.zaxxer.hikari.HikariDataSource       : HikariPool-1 - Start completed.
2023-02-22 11:23:36.103  INFO 83182 --- [restartedMain] o.s.b.a.h2.H2ConsoleAutoConfiguration    : H2 console available at '/h2-console'. Database available at 'jdbc:h2:mem:testdb'
2023-02-22 11:23:36.217  INFO 83182 --- [restartedMain] o.hibernate.jpa.internal.util.LogHelper  : HHH000204: Processing PersistenceUnitInfo [name: default]
2023-02-22 11:23:36.245  INFO 83182 --- [restartedMain] org.hibernate.Version                    : HHH000412: Hibernate ORM core version 5.6.14.Final
2023-02-22 11:23:36.342  INFO 83182 --- [restartedMain] o.hibernate.annotations.common.Version   : HCANN000001: Hibernate Commons Annotations {5.1.2.Final}
2023-02-22 11:23:36.404  INFO 83182 --- [restartedMain] org.hibernate.dialect.Dialect            : HHH000400: Using dialect: org.hibernate.dialect.H2Dialect
2023-02-22 11:23:36.734  INFO 83182 --- [restartedMain] o.h.e.t.j.p.i.JtaPlatformInitiator       : HHH000490: Using JtaPlatform implementation: [org.hibernate.engine.transaction.jta.platform.internal.NoJtaPlatform]
2023-02-22 11:23:36.738  INFO 83182 --- [restartedMain] j.LocalContainerEntityManagerFactoryBean : Initialized JPA EntityManagerFactory for persistence unit 'default'
2023-02-22 11:23:37.088  INFO 83182 --- [restartedMain] f.a.AutowiredAnnotationBeanPostProcessor : Autowired annotation is not supported on static fields: public static java.lang.String com.test.exam.constant.SystemConstant.VERSION
2023-02-22 11:23:37.348  WARN 83182 --- [restartedMain] JpaBaseConfiguration$JpaWebConfiguration : spring.jpa.open-in-view is enabled by default. Therefore, database queries may be performed during view rendering. Explicitly configure spring.jpa.open-in-view to disable this warning
2023-02-22 11:23:37.606  INFO 83182 --- [restartedMain] o.s.b.d.a.OptionalLiveReloadServer       : LiveReload server is running on port 35729
2023-02-22 11:23:37.768  INFO 83182 --- [restartedMain] o.s.b.w.embedded.tomcat.TomcatWebServer  : Tomcat started on port(s): 8080 (http) with context path ''
2023-02-22 11:23:38.001  INFO 83182 --- [restartedMain] com.test.exam.TestApplication            : Started TestApplication in 4.682 seconds (JVM running for 6.003)
2023-02-22 11:23:45.989  INFO 83182 --- [http-nio-8080-exec-1] o.a.c.c.C.[Tomcat].[localhost].[/]       : Initializing Spring DispatcherServlet 'dispatcherServlet'
2023-02-22 11:23:45.990  INFO 83182 --- [http-nio-8080-exec-1] o.s.web.servlet.DispatcherServlet        : Initializing Servlet 'dispatcherServlet'
2023-02-22 11:23:45.996  INFO 83182 --- [http-nio-8080-exec-1] o.s.web.servlet.DispatcherServlet        : Completed initialization in 5 ms
2023-02-22 11:23:46.010  INFO 83182 --- [http-nio-8080-exec-1] c.t.e.c.l.RequestLoggingInterceptor      : Request URL: http://localhost:8080/api/v1/contact
2023-02-22 11:23:46.010  INFO 83182 --- [http-nio-8080-exec-1] c.t.e.c.l.RequestLoggingInterceptor      : Request Method: POST
2023-02-22 11:24:01.700  INFO 83182 --- [http-nio-8080-exec-3] c.t.e.c.l.RequestLoggingInterceptor      : Request URL: http://localhost:8080/api/v1/contact
2023-02-22 11:24:01.703  INFO 83182 --- [http-nio-8080-exec-3] c.t.e.c.l.RequestLoggingInterceptor      : Request Method: POST
2023-02-22 11:24:01.927 ERROR 83182 --- [http-nio-8080-exec-3] c.t.e.c.h.RestApiExceptionHandler        : Bad Request : Duplication email
2023-02-22 11:24:02.010  WARN 83182 --- [http-nio-8080-exec-3] .m.m.a.ExceptionHandlerExceptionResolver : Resolved [BadRequestException(errorObject=ErrorExceptionDto(code=C02, message=Duplication email))]
